<?xml version="1.0" encoding="UTF-8"?>
<!-- Generated by org.testng.reporters.JUnitReportReporter -->
<testsuite hostname="DESKTOP-SAGTJDJ" failures="0" tests="1" name="Fibanacci.FibanacciTest" time="0.009" errors="0" timestamp="2021-09-01T14:05:59 EEST" skipped="0">
  <testcase classname="Fibanacci.FibanacciTest" name="testCraeteFibanacci" time="0.009"/>
  <system-out/>
</testsuite> <!-- Fibanacci.FibanacciTest -->
