<?xml version="1.0" encoding="UTF-8"?>
<!-- Generated by org.testng.reporters.JUnitReportReporter -->
<testsuite hostname="DESKTOP-SAGTJDJ" failures="0" tests="4" name="Fibanacci.InputValidateTest" time="0.019" errors="0" timestamp="2021-09-01T14:05:59 EEST" skipped="0">
  <testcase classname="Fibanacci.InputValidateTest" name="testInputLength" time="0.010"/>
  <system-out/>
  <testcase classname="Fibanacci.InputValidateTest" name="testInputMinimalValue" time="0.002"/>
  <system-out/>
  <testcase classname="Fibanacci.InputValidateTest" name="testInputMaxlValue" time="0.004"/>
  <system-out/>
  <testcase classname="Fibanacci.InputValidateTest" name="testInputMethod" time="0.003"/>
  <system-out/>
</testsuite> <!-- Fibanacci.InputValidateTest -->
